app/build/intermediates/manifest_merge_blame_file/debug/manifest-merger-blame-debug-report.txt
1<?xml version="1.0" encoding="utf-8"?>
2<manifest xmlns:android="http://schemas.android.com/apk/res/android"
3    package="com.example.studienarbeit_kugellabyrinth"
4    android:versionCode="1"
5    android:versionName="1.0" >
6
7    <uses-sdk
8        android:minSdkVersion="21"
8-->src\main\AndroidManifest.xml
9        android:targetSdkVersion="30" />
9-->src\main\AndroidManifest.xml
10
11    <uses-permission android:name="android.permission.WAKE_LOCK" />
11-->src\main\AndroidManifest.xml:5:5-68
11-->src\main\AndroidManifest.xml:5:22-65
12    <uses-permission android:name="android.permission.INTERNET" />
12-->src\main\AndroidManifest.xml:6:5-67
12-->src\main\AndroidManifest.xml:6:22-64
13    <uses-permission android:name="android.permission.ACCESS_NETWORK_STATE" />
13-->src\main\AndroidManifest.xml:7:5-79
13-->src\main\AndroidManifest.xml:7:22-76
14    <uses-permission android:name="android.permission.READ_PHONE_STATE" />
14-->src\main\AndroidManifest.xml:8:5-75
14-->src\main\AndroidManifest.xml:8:22-72
15
16    <application
16-->src\main\AndroidManifest.xml:10:5-49:19
17        android:allowBackup="true"
17-->src\main\AndroidManifest.xml:11:9-35
18        android:appComponentFactory="androidx.core.app.CoreComponentFactory"
18-->[androidx.core:core:1.5.0] AndroidManifest.xml:24:18-86
19        android:debuggable="true"
20        android:icon="@mipmap/ic_launcher"
20-->src\main\AndroidManifest.xml:12:9-43
21        android:label="@string/app_name"
21-->src\main\AndroidManifest.xml:13:9-41
22        android:roundIcon="@mipmap/ic_launcher_round"
22-->src\main\AndroidManifest.xml:14:9-54
23        android:supportsRtl="true"
23-->src\main\AndroidManifest.xml:15:9-35
24        android:testOnly="true"
25        android:theme="@style/Theme.Studienarbeit_kugellabyrinth" >
25-->src\main\AndroidManifest.xml:16:9-66
26        <activity
26-->src\main\AndroidManifest.xml:19:9-30:20
27            android:name="com.example.studienarbeit_kugellabyrinth.SettingsActivity"
27-->src\main\AndroidManifest.xml:21:13-45
28            android:label="@string/app_name"
28-->src\main\AndroidManifest.xml:23:13-45
29            android:noHistory="false"
29-->src\main\AndroidManifest.xml:20:13-38
30            android:screenOrientation="portrait"
30-->src\main\AndroidManifest.xml:22:13-49
31            android:theme="@style/Theme.Studienarbeit_kugellabyrinth.NoActionBar" >
31-->src\main\AndroidManifest.xml:24:13-82
32            <intent-filter>
32-->src\main\AndroidManifest.xml:25:13-29:29
33                <action android:name="android.intent.action.MAIN" />
33-->src\main\AndroidManifest.xml:26:17-69
33-->src\main\AndroidManifest.xml:26:25-66
34
35                <category android:name="android.intent.category.LAUNCHER" />
35-->src\main\AndroidManifest.xml:28:17-77
35-->src\main\AndroidManifest.xml:28:27-74
36            </intent-filter>
37        </activity>
38        <activity
38-->src\main\AndroidManifest.xml:31:9-38:20
39            android:name="com.example.studienarbeit_kugellabyrinth.MainActivity"
39-->src\main\AndroidManifest.xml:32:13-41
40            android:parentActivityName="com.example.studienarbeit_kugellabyrinth.SettingsActivity"
40-->src\main\AndroidManifest.xml:34:13-59
41            android:screenOrientation="portrait" >
41-->src\main\AndroidManifest.xml:33:13-49
42            <meta-data
42-->src\main\AndroidManifest.xml:35:13-37:53
43                android:name="android.support.PARENT_ACTIVITY"
43-->src\main\AndroidManifest.xml:36:17-63
44                android:value=".SettingsActivity" />
44-->src\main\AndroidManifest.xml:37:17-50
45        </activity>
46        <activity
46-->src\main\AndroidManifest.xml:39:9-46:20
47            android:name="com.example.studienarbeit_kugellabyrinth.ScoreboardActivity"
47-->src\main\AndroidManifest.xml:40:13-47
48            android:parentActivityName="com.example.studienarbeit_kugellabyrinth.MainActivity"
48-->src\main\AndroidManifest.xml:42:13-55
49            android:screenOrientation="portrait" >
49-->src\main\AndroidManifest.xml:41:13-49
50            <meta-data
50-->src\main\AndroidManifest.xml:35:13-37:53
51                android:name="android.support.PARENT_ACTIVITY"
51-->src\main\AndroidManifest.xml:36:17-63
52                android:value=".MainActivity" />
52-->src\main\AndroidManifest.xml:37:17-50
53        </activity>
54
55        <service android:name="org.eclipse.paho.android.service.MqttService" />
55-->src\main\AndroidManifest.xml:48:9-79
55-->src\main\AndroidManifest.xml:48:18-77
56    </application>
57
58</manifest>